  0Vector.cpp
  2OrdenamientoInterno.cpp
C:\Users\cizam\Desktop\PruebaEDZambranoP2\2OrdenamientoInterno.cpp(105,34): warning C4267: 'argument': conversion from 'size_t' to 'int', possible loss of data
C:\Users\cizam\Desktop\PruebaEDZambranoP2\2OrdenamientoInterno.cpp(110,33): warning C4267: 'argument': conversion from 'size_t' to 'int', possible loss of data
C:\Users\cizam\Desktop\PruebaEDZambranoP2\2OrdenamientoInterno.cpp(111,33): warning C4267: 'argument': conversion from 'size_t' to 'int', possible loss of data
C:\Users\cizam\Desktop\PruebaEDZambranoP2\2OrdenamientoInterno.cpp(115,27): warning C4267: 'argument': conversion from 'size_t' to 'int', possible loss of data
C:\Users\cizam\Desktop\PruebaEDZambranoP2\2OrdenamientoInterno.cpp(116,17): warning C4267: 'argument': conversion from 'size_t' to 'int', possible loss of data
C:\Users\cizam\Desktop\PruebaEDZambranoP2\2OrdenamientoInterno.cpp(116,36): warning C4267: 'argument': conversion from 'size_t' to 'int', possible loss of data
C:\Users\cizam\Desktop\PruebaEDZambranoP2\2OrdenamientoInterno.cpp(117,17): warning C4267: 'argument': conversion from 'size_t' to 'int', possible loss of data
C:\Users\cizam\Desktop\PruebaEDZambranoP2\2OrdenamientoInterno.cpp(120,5): warning C4267: 'argument': conversion from 'size_t' to 'int', possible loss of data
C:\Users\cizam\Desktop\PruebaEDZambranoP2\2OrdenamientoInterno.cpp(120,47): warning C4267: 'return': conversion from 'size_t' to 'int', possible loss of data
C:\Users\cizam\Desktop\PruebaEDZambranoP2\2OrdenamientoInterno.cpp(121,21): warning C4267: 'argument': conversion from 'size_t' to 'int', possible loss of data
C:\Users\cizam\Desktop\PruebaEDZambranoP2\2OrdenamientoInterno.cpp(121,40): warning C4267: 'argument': conversion from 'size_t' to 'int', possible loss of data
C:\Users\cizam\Desktop\PruebaEDZambranoP2\2OrdenamientoInterno.cpp(122,16): warning C4267: 'argument': conversion from 'size_t' to 'int', possible loss of data
C:\Users\cizam\Desktop\PruebaEDZambranoP2\2OrdenamientoInterno.cpp(123,10): warning C4267: 'return': conversion from 'size_t' to 'int', possible loss of data
  6ImprimirInterno.cpp
  main.cpp
C:\Users\cizam\Desktop\PruebaEDZambranoP2\1Conversion.h(19,21): warning C4244: 'return': conversion from '__int64' to 'unsigned long', possible loss of data
C:\Users\cizam\Desktop\PruebaEDZambranoP2\main.cpp(13,12): warning C4244: 'argument': conversion from 'time_t' to 'unsigned int', possible loss of data
  OrdenamientoSectores.cpp
  Generating Code...
  PruebaEDZambranoP2.vcxproj -> C:\Users\cizam\Desktop\PruebaEDZambranoP2\x64\Debug\PruebaEDZambranoP2.exe
